Arguments: 
  C:\Program Files\nodejs\node.exe C:\Users\Hope\AppData\Roaming\npm\node_modules\yarn\bin\yarn.js install

PATH: 
  C:\oraclexe\app\oracle\product\11.2.0\server\bin;C:\WINDOWS\system32;C:\WINDOWS;C:\WINDOWS\System32\Wbem;C:\WINDOWS\System32\WindowsPowerShell\v1.0\;C:\WINDOWS\System32\OpenSSH\;C:\MinGW\bin;C:\ProgramData\chocolatey\bin;C:\Users\Hope\AppData\Roaming\nvm;C:\Program Files\nodejs;C:\Program Files\Docker\Docker\resources\bin;C:\ProgramData\DockerDesktop\version-bin;C:\Program Files\Git\cmd;C:\Program Files\nodejs\;C:\Program Files\Geth;C:\Users\Hope\AppData\Local\Programs\Python\Python311\Scripts\;C:\Users\Hope\AppData\Local\Programs\Python\Python311\;C:\Users\Hope\AppData\Local\Programs\Python\Python38\Scripts\;C:\Users\Hope\AppData\Local\Programs\Python\Python38\;C:\Users\Hope\AppData\Local\Microsoft\WindowsApps;C:\mysql-8.0.27-winx64\mysql-8.0.27-winx64\bin;C:\Program Files\heroku\bin;C:\Users\Hope\AppData\Local\Android\Sdk\platform-tools;C:\Users\Hope\AppData\Local\Android\Sdk\emulator;C:\Users\Hope\AppData\Local\Android\Sdk\tools\bin;C:\Users\Hope\AppData\Roaming\nvm;C:\Program Files\nodejs;C:\Users\Hope\AppData\Local\Programs\Microsoft VS Code\bin;C:\Users\Hope\AppData\Roaming\npm

Yarn version: 
  1.22.19

Node version: 
  18.12.1

Platform: 
  win32 x64

Trace: 
  Error: getaddrinfo ENOTFOUND registry.yarnpkg.com
      at GetAddrInfoReqWrap.onlookup [as oncomplete] (node:dns:107:26)

npm manifest: 
  {
    "dependencies": {
      "body-parser": "^1.20.1",
      "crypto-js": "^4.1.1",
      "elliptic": "^6.5.4",
      "express": "^4.18.2",
      "mongodb": "^4.1.0",
      "ws": "^8.11.0"
    },
    "devDependencies": {
      "jest": "^29.3.1",
      "nodemon": "^2.0.20"
    },
    "scripts": {
      "test": "jest --watchAll",
      "dev": "nodemon ./app",
      "start": "nodemon Server.js"
    }
  }

yarn manifest: 
  No manifest

Lockfile: 
  No lockfile
